c:\users\miguelángelbuenorive\desktop\upc\c++ for video games\engine\debug\vc142.pdb
c:\users\miguelángelbuenorive\desktop\upc\c++ for video games\engine\debug\vc142.idb
c:\users\miguelángelbuenorive\desktop\upc\c++ for video games\engine\debug\polyhedron.obj
c:\users\miguelángelbuenorive\desktop\upc\c++ for video games\engine\debug\polygon.obj
c:\users\miguelángelbuenorive\desktop\upc\c++ for video games\engine\debug\plane.obj
c:\users\miguelángelbuenorive\desktop\upc\c++ for video games\engine\debug\pbvolume.obj
c:\users\miguelángelbuenorive\desktop\upc\c++ for video games\engine\debug\obb.obj
c:\users\miguelángelbuenorive\desktop\upc\c++ for video games\engine\debug\linesegment2d.obj
c:\users\miguelángelbuenorive\desktop\upc\c++ for video games\engine\debug\linesegment.obj
c:\users\miguelángelbuenorive\desktop\upc\c++ for video games\engine\debug\line.obj
c:\users\miguelángelbuenorive\desktop\upc\c++ for video games\engine\debug\frustum.obj
c:\users\miguelángelbuenorive\desktop\upc\c++ for video games\engine\debug\circle2d.obj
c:\users\miguelángelbuenorive\desktop\upc\c++ for video games\engine\debug\circle.obj
c:\users\miguelángelbuenorive\desktop\upc\c++ for video games\engine\debug\capsule.obj
c:\users\miguelángelbuenorive\desktop\upc\c++ for video games\engine\debug\aabb.obj
c:\users\miguelángelbuenorive\desktop\upc\c++ for video games\engine\debug\sat.obj
c:\users\miguelángelbuenorive\desktop\upc\c++ for video games\engine\debug\lcg.obj
c:\users\miguelángelbuenorive\desktop\upc\c++ for video games\engine\debug\gjk2d.obj
c:\users\miguelángelbuenorive\desktop\upc\c++ for video games\engine\debug\gjk.obj
c:\users\miguelángelbuenorive\desktop\upc\c++ for video games\engine\debug\main.obj
c:\users\miguelángelbuenorive\desktop\upc\c++ for video games\engine\debug\log.obj
c:\users\miguelángelbuenorive\desktop\upc\c++ for video games\engine\debug\application.obj
c:\users\miguelángelbuenorive\desktop\upc\c++ for video games\engine\debug\polynomial.obj
c:\users\miguelángelbuenorive\desktop\upc\c++ for video games\engine\debug\minifloat.obj
c:\users\miguelángelbuenorive\desktop\upc\c++ for video games\engine\debug\mathops.obj
c:\users\miguelángelbuenorive\desktop\upc\c++ for video games\engine\debug\mathlog.obj
c:\users\miguelángelbuenorive\desktop\upc\c++ for video games\engine\debug\mathfunc.obj
c:\users\miguelángelbuenorive\desktop\upc\c++ for video games\engine\debug\grisu3_cpp.obj
c:\users\miguelángelbuenorive\desktop\upc\c++ for video games\engine\debug\float4x4.obj
c:\users\miguelángelbuenorive\desktop\upc\c++ for video games\engine\debug\float4d.obj
c:\users\miguelángelbuenorive\desktop\upc\c++ for video games\engine\debug\float4.obj
c:\users\miguelángelbuenorive\desktop\upc\c++ for video games\engine\debug\float3x4.obj
c:\users\miguelángelbuenorive\desktop\upc\c++ for video games\engine\debug\float3x3.obj
c:\users\miguelángelbuenorive\desktop\upc\c++ for video games\engine\debug\float3.obj
c:\users\miguelángelbuenorive\desktop\upc\c++ for video games\engine\debug\float2.obj
c:\users\miguelángelbuenorive\desktop\upc\c++ for video games\engine\debug\callstack.obj
c:\users\miguelángelbuenorive\desktop\upc\c++ for video games\engine\debug\bitops.obj
c:\users\miguelángelbuenorive\desktop\upc\c++ for video games\engine\debug\trianglemesh.obj
c:\users\miguelángelbuenorive\desktop\upc\c++ for video games\engine\debug\triangle2d.obj
c:\users\miguelángelbuenorive\desktop\upc\c++ for video games\engine\debug\triangle.obj
c:\users\miguelángelbuenorive\desktop\upc\c++ for video games\engine\debug\sphere.obj
c:\users\miguelángelbuenorive\desktop\upc\c++ for video games\engine\debug\ray.obj
c:\users\miguelángelbuenorive\desktop\upc\c++ for video games\engine\debug\modulewindow.obj
c:\users\miguelángelbuenorive\desktop\upc\c++ for video games\engine\debug\moduletime.obj
c:\users\miguel~1\appdata\local\tempvc142.pdb
c:\users\miguel~1\appdata\local\tempvc142.idb
c:\users\miguelángelbuenorive\desktop\upc\c++ for video games\engine\debug\modulerender.obj
c:\users\miguelángelbuenorive\desktop\upc\c++ for video games\engine\debug\moduleinput.obj
c:\users\miguelángelbuenorive\desktop\upc\c++ for video games\engine\debug\modulecamera.obj
c:\users\miguelángelbuenorive\desktop\upc\c++ for video games\engine\debug\clock.obj
c:\users\miguelángelbuenorive\desktop\upc\c++ for video games\engine\debug\transformops.obj
c:\users\miguelángelbuenorive\desktop\upc\c++ for video games\engine\debug\ssemath.obj
c:\users\miguelángelbuenorive\desktop\upc\c++ for video games\engine\debug\quat.obj
c:\users\miguelángelbuenorive\desktop\upc\c++ for video games\engine\debug\moduleeditor.obj
c:\users\miguelángelbuenorive\desktop\upc\c++ for video games\engine\debug\grisu3.obj
c:\users\miguelángelbuenorive\desktop\upc\c++ for video games\engine\debug\imgui_widgets.obj
c:\users\miguelángelbuenorive\desktop\upc\c++ for video games\engine\debug\imgui_impl_sdl.obj
c:\users\miguelángelbuenorive\desktop\upc\c++ for video games\engine\debug\imgui_impl_opengl3.obj
c:\users\miguelángelbuenorive\desktop\upc\c++ for video games\engine\debug\imgui_draw.obj
c:\users\miguelángelbuenorive\desktop\upc\c++ for video games\engine\debug\imgui_demo.obj
c:\users\miguelángelbuenorive\desktop\upc\c++ for video games\engine\debug\imgui.obj
c:\users\miguelángelbuenorive\desktop\upc\c++ for video games\engine\debug\modulecamera.obj.enc
c:\users\miguelángelbuenorive\desktop\upc\c++ for video games\engine\debug\enginemaster.tlog\cl.command.1.tlog
c:\users\miguelángelbuenorive\desktop\upc\c++ for video games\engine\debug\enginemaster.tlog\cl.read.1.tlog
c:\users\miguelángelbuenorive\desktop\upc\c++ for video games\engine\debug\enginemaster.tlog\cl.write.1.tlog
c:\users\miguelángelbuenorive\desktop\upc\c++ for video games\engine\debug\enginemaster.tlog\link.17896.read.1.tlog
c:\users\miguelángelbuenorive\desktop\upc\c++ for video games\engine\debug\enginemaster.tlog\link.17896.write.1.tlog
c:\users\miguelángelbuenorive\desktop\upc\c++ for video games\engine\debug\enginemaster.tlog\link.command.1.tlog
c:\users\miguelángelbuenorive\desktop\upc\c++ for video games\engine\debug\enginemaster.tlog\link.read.1.tlog
c:\users\miguelángelbuenorive\desktop\upc\c++ for video games\engine\debug\enginemaster.tlog\link.write.1.tlog
