  Application.cpp
  Main.cpp
  ModuleCamera.cpp
C:\Users\MiguelÁngelBuenoRive\Desktop\UPC\C++ for Video Games\Engine\ModuleCamera.cpp(22,63): warning C4305: 'argument': truncation from 'double' to 'float'
C:\Users\MiguelÁngelBuenoRive\Desktop\UPC\C++ for Video Games\Engine\ModuleCamera.cpp(134,83): warning C4244: 'argument': conversion from 'double' to 'float', possible loss of data
C:\Users\MiguelÁngelBuenoRive\Desktop\UPC\C++ for Video Games\Engine\ModuleCamera.cpp(134,59): warning C4244: 'argument': conversion from 'double' to 'float', possible loss of data
C:\Users\MiguelÁngelBuenoRive\Desktop\UPC\C++ for Video Games\Engine\ModuleCamera.cpp(134,35): warning C4244: 'argument': conversion from 'double' to 'float', possible loss of data
C:\Users\MiguelÁngelBuenoRive\Desktop\UPC\C++ for Video Games\Engine\ModuleCamera.cpp(171,31): warning C4244: 'initializing': conversion from 'int' to 'float', possible loss of data
C:\Users\MiguelÁngelBuenoRive\Desktop\UPC\C++ for Video Games\Engine\ModuleCamera.cpp(177,31): warning C4244: 'initializing': conversion from 'int' to 'float', possible loss of data
C:\Users\MiguelÁngelBuenoRive\Desktop\UPC\C++ for Video Games\Engine\ModuleCamera.cpp(194,110): warning C4244: 'argument': conversion from 'double' to 'float', possible loss of data
C:\Users\MiguelÁngelBuenoRive\Desktop\UPC\C++ for Video Games\Engine\ModuleCamera.cpp(200,111): warning C4244: 'argument': conversion from 'double' to 'float', possible loss of data
C:\Users\MiguelÁngelBuenoRive\Desktop\UPC\C++ for Video Games\Engine\ModuleCamera.cpp(206,68): warning C4244: 'argument': conversion from 'double' to 'float', possible loss of data
C:\Users\MiguelÁngelBuenoRive\Desktop\UPC\C++ for Video Games\Engine\ModuleCamera.cpp(213,67): warning C4244: 'argument': conversion from 'double' to 'float', possible loss of data
  ModuleEditor.cpp
  ModuleInput.cpp
  ModuleRender.cpp
  ModuleTime.cpp
  ModuleWindow.cpp
  log.cpp
  Generating Code...
  Engine.vcxproj -> C:\Users\MiguelÁngelBuenoRive\Desktop\UPC\C++ for Video Games\Engine\Debug\EngineMaster.exe
